----------------------------------------------------------------
Wed May 07 16:56:32 CEST 2014:
Booting Derby version The Apache Software Foundation - Apache Derby - 10.7.1.1 - (1040133): instance a816c00e-0145-d72f-9986-000004429850 
on database directory /private/tmp/Derby-DB/cockpit-cv-srv-db  with class loader sun.misc.Launcher$AppClassLoader@20cf2c80 
Loaded from file:/Users/erikwittern/.m2/repository/org/apache/derby/derby/10.7.1.1/derby-10.7.1.1.jar
java.vendor=Apple Inc.
java.runtime.version=1.6.0_65-b14-462-11M4609
Database Class Loader started - derby.database.classpath=''
----------------------------------------------------------------
Wed May 07 16:56:36 CEST 2014:
Shutting down instance a816c00e-0145-d72f-9986-000004429850 on database directory /private/tmp/Derby-DB/cockpit-cv-srv-db with class loader sun.misc.Launcher$AppClassLoader@20cf2c80 
----------------------------------------------------------------
Wed May 07 16:56:37 CEST 2014:
Booting Derby version The Apache Software Foundation - Apache Derby - 10.7.1.1 - (1040133): instance c99d403a-0145-d72f-9986-000004429850 
on database directory /private/tmp/Derby-DB/cockpit-cv-srv-db  with class loader sun.misc.Launcher$AppClassLoader@20cf2c80 
Loaded from file:/Users/erikwittern/.m2/repository/org/apache/derby/derby/10.7.1.1/derby-10.7.1.1.jar
java.vendor=Apple Inc.
java.runtime.version=1.6.0_65-b14-462-11M4609
Database Class Loader started - derby.database.classpath=''
----------------------------------------------------------------
Wed May 07 16:56:38 CEST 2014:
Shutting down instance c99d403a-0145-d72f-9986-000004429850 on database directory /private/tmp/Derby-DB/cockpit-cv-srv-db with class loader sun.misc.Launcher$AppClassLoader@20cf2c80 
----------------------------------------------------------------
Wed May 07 16:56:39 CEST 2014:
Booting Derby version The Apache Software Foundation - Apache Derby - 10.7.1.1 - (1040133): instance c42d805d-0145-d72f-9986-000004429850 
on database directory /private/tmp/Derby-DB/cockpit-cv-srv-db  with class loader sun.misc.Launcher$AppClassLoader@20cf2c80 
Loaded from file:/Users/erikwittern/.m2/repository/org/apache/derby/derby/10.7.1.1/derby-10.7.1.1.jar
java.vendor=Apple Inc.
java.runtime.version=1.6.0_65-b14-462-11M4609
Database Class Loader started - derby.database.classpath=''
----------------------------------------------------------------
Wed May 07 16:56:41 CEST 2014:
Shutting down instance c42d805d-0145-d72f-9986-000004429850 on database directory /private/tmp/Derby-DB/cockpit-cv-srv-db with class loader sun.misc.Launcher$AppClassLoader@20cf2c80 
----------------------------------------------------------------
Wed May 07 16:56:42 CEST 2014:
Booting Derby version The Apache Software Foundation - Apache Derby - 10.7.1.1 - (1040133): instance 74d240cf-0145-d72f-9986-000004429850 
on database directory /private/tmp/Derby-DB/cockpit-cv-srv-db  with class loader sun.misc.Launcher$AppClassLoader@20cf2c80 
Loaded from file:/Users/erikwittern/.m2/repository/org/apache/derby/derby/10.7.1.1/derby-10.7.1.1.jar
java.vendor=Apple Inc.
java.runtime.version=1.6.0_65-b14-462-11M4609
Database Class Loader started - derby.database.classpath=''
----------------------------------------------------------------
Wed May 07 16:56:44 CEST 2014:
Shutting down instance 74d240cf-0145-d72f-9986-000004429850 on database directory /private/tmp/Derby-DB/cockpit-cv-srv-db with class loader sun.misc.Launcher$AppClassLoader@20cf2c80 
----------------------------------------------------------------
Wed May 07 16:56:46 CEST 2014:
Booting Derby version The Apache Software Foundation - Apache Derby - 10.7.1.1 - (1040133): instance 140200f0-0145-d72f-9986-000004429850 
on database directory /private/tmp/Derby-DB/cockpit-cv-srv-db  with class loader sun.misc.Launcher$AppClassLoader@20cf2c80 
Loaded from file:/Users/erikwittern/.m2/repository/org/apache/derby/derby/10.7.1.1/derby-10.7.1.1.jar
java.vendor=Apple Inc.
java.runtime.version=1.6.0_65-b14-462-11M4609
Database Class Loader started - derby.database.classpath=''
----------------------------------------------------------------
Wed May 07 16:56:49 CEST 2014:
Shutting down instance 140200f0-0145-d72f-9986-000004429850 on database directory /private/tmp/Derby-DB/cockpit-cv-srv-db with class loader sun.misc.Launcher$AppClassLoader@20cf2c80 
